2025-05-15 11:32:13,705 INFO: FitHub startup [in /Users/gourabdash/Downloads/desi_2/fithub/app.py:54]
2025-05-15 11:33:32,792 INFO: Login attempt for email: dash15gourab@gmail.com [in /Users/gourabdash/Downloads/desi_2/fithub/app.py:164]
2025-05-15 11:33:32,890 INFO: Successful login for user: dash15gourab@gmail.com (Admin: False) [in /Users/gourabdash/Downloads/desi_2/fithub/app.py:174]
2025-05-15 11:35:24,934 INFO: Login attempt for email: admin@fithub.com [in /Users/gourabdash/Downloads/desi_2/fithub/app.py:164]
2025-05-15 11:35:25,035 INFO: Successful login for user: admin@fithub.com (Admin: True) [in /Users/gourabdash/Downloads/desi_2/fithub/app.py:174]
2025-05-15 11:36:32,710 ERROR: Registration error: (pymysql.err.IntegrityError) (1062, "Duplicate entry 'gourab' for key 'users.username'")
[SQL: INSERT INTO users (username, email, password_hash, is_admin) VALUES (%(username)s, %(email)s, %(password_hash)s, %(is_admin)s)]
[parameters: {'username': 'gourab', 'email': 'diganthgowda@gmail.com', 'password_hash': 'pbkdf2:sha256:260000$DjrFBd4chLmYwqV9$c267e9086d3d90adb80980be0f225443b10bf04a0625d534fc7003e069314108', 'is_admin': 0}]
(Background on this error at: https://sqlalche.me/e/14/gkpj) [in /Users/gourabdash/Downloads/desi_2/fithub/app.py:263]
2025-05-15 11:37:34,964 INFO: Login attempt for email: diganthrgowda001@gmail.com [in /Users/gourabdash/Downloads/desi_2/fithub/app.py:164]
2025-05-15 11:37:35,058 INFO: Successful login for user: diganthrgowda001@gmail.com (Admin: False) [in /Users/gourabdash/Downloads/desi_2/fithub/app.py:174]
2025-05-15 11:43:49,126 INFO: FitHub startup [in /Users/gourabdash/Downloads/desi_2/fithub/app.py:54]
2025-05-15 11:43:49,298 INFO: FitHub startup [in /Users/gourabdash/Downloads/desi_2/fithub/app.py:54]
2025-05-15 11:45:12,847 INFO: FitHub startup [in /Users/gourabdash/Downloads/desi_2/fithub/app.py:54]
2025-05-15 11:48:08,502 INFO: FitHub startup [in /Users/gourabdash/Downloads/desi_2/fithub/app.py:54]
2025-05-15 11:48:08,675 INFO: FitHub startup [in /Users/gourabdash/Downloads/desi_2/fithub/app.py:54]
2025-05-17 19:26:47,271 INFO: FitHub startup [in /Users/gourabdash/Downloads/desi_2/fithub/app.py:54]
2025-05-17 19:26:47,446 INFO: FitHub startup [in /Users/gourabdash/Downloads/desi_2/fithub/app.py:54]
2025-05-17 19:28:11,857 INFO: FitHub startup [in /Users/gourabdash/Downloads/desi_2/fithub/app.py:54]
2025-05-17 19:28:12,030 INFO: FitHub startup [in /Users/gourabdash/Downloads/desi_2/fithub/app.py:54]
2025-05-17 19:28:15,336 INFO: Page not found: http://127.0.0.1:5002/favicon.ico [in /Users/gourabdash/Downloads/desi_2/fithub/app.py:988]
2025-05-17 19:30:01,176 INFO: Login attempt for email: dash15gourab@gmail.com [in /Users/gourabdash/Downloads/desi_2/fithub/app.py:164]
2025-05-17 19:30:01,266 INFO: Successful login for user: dash15gourab@gmail.com (Admin: False) [in /Users/gourabdash/Downloads/desi_2/fithub/app.py:174]
2025-05-17 19:30:56,430 INFO: Login attempt for email: admin@fithub.com [in /Users/gourabdash/Downloads/desi_2/fithub/app.py:164]
2025-05-17 19:30:56,614 WARNING: Login failed - invalid password for email: admin@fithub.com [in /Users/gourabdash/Downloads/desi_2/fithub/app.py:178]
2025-05-17 19:32:09,258 INFO: Login attempt for email: dash15gourab@gmail.com [in /Users/gourabdash/Downloads/desi_2/fithub/app.py:164]
2025-05-17 19:32:09,356 INFO: Successful login for user: dash15gourab@gmail.com (Admin: False) [in /Users/gourabdash/Downloads/desi_2/fithub/app.py:174]
